<?xml version="1.0" encoding="UTF-8"?>
<!-- Generated by org.testng.reporters.JUnitReportReporter -->
<testsuite hostname="ihyeonjeongs-MacBook-Air.local" failures="0" tests="1" name="logging.LoggerTest" time="0.015" errors="0" timestamp="06 Aug 2019 18:07:31 GMT" skipped="0">
  <testcase classname="logging.LoggerTest" name="testLogger" time="0.015"/>
</testsuite> <!-- logging.LoggerTest -->
